0 info it worked if it ends with ok
1 verbose cli [ 'C:\\Program Files\\nodejs\\node.exe',
1 verbose cli   'C:\\Program Files\\nodejs\\node_modules\\npm\\bin\\npm-cli.js',
1 verbose cli   'install' ]
2 info using npm@2.15.8
3 info using node@v4.4.7
4 verbose readDependencies loading dependencies from D:\I_Vote_Project\i-vote-api-server\package.json
5 warn package.json @ivote/ivoteAPI@1.0.0 No description
6 warn package.json @ivote/ivoteAPI@1.0.0 No repository field.
7 warn package.json @ivote/ivoteAPI@1.0.0 No README data
8 warn package.json @ivote/ivoteAPI@1.0.0 No license field.
9 verbose install where, deps [ 'D:\\I_Vote_Project\\i-vote-api-server',
9 verbose install   [ 'async',
9 verbose install     'body-parser',
9 verbose install     'cookie-parser',
9 verbose install     'debug',
9 verbose install     'ejs',
9 verbose install     'express',
9 verbose install     'mongoose',
9 verbose install     'morgan',
9 verbose install     'request',
9 verbose install     'serve-favicon',
9 verbose install     'shortid',
9 verbose install     'textmagic-rest-client',
9 verbose install     'xml-writer',
9 verbose install     'stats-lite' ] ]
10 verbose install where, peers [ 'D:\\I_Vote_Project\\i-vote-api-server', [] ]
11 verbose installManyTop reading for lifecycle D:\I_Vote_Project\i-vote-api-server\package.json
12 info preinstall @ivote/ivoteAPI@1.0.0
13 verbose readDependencies loading dependencies from D:\I_Vote_Project\i-vote-api-server\package.json
14 silly cache add args [ 'cookie-parser@^1.4.0', null ]
15 verbose cache add spec cookie-parser@^1.4.0
16 silly cache add parsed spec Result {
16 silly cache add   raw: 'cookie-parser@^1.4.0',
16 silly cache add   scope: null,
16 silly cache add   name: 'cookie-parser',
16 silly cache add   rawSpec: '^1.4.0',
16 silly cache add   spec: '>=1.4.0 <2.0.0',
16 silly cache add   type: 'range' }
17 silly addNamed cookie-parser@>=1.4.0 <2.0.0
18 verbose addNamed ">=1.4.0 <2.0.0" is a valid semver range for cookie-parser
19 silly addNameRange { name: 'cookie-parser',
19 silly addNameRange   range: '>=1.4.0 <2.0.0',
19 silly addNameRange   hasData: false }
20 silly mapToRegistry name cookie-parser
21 silly mapToRegistry using default registry
22 silly mapToRegistry registry https://registry.npmjs.org/
23 silly mapToRegistry data Result {
23 silly mapToRegistry   raw: 'cookie-parser',
23 silly mapToRegistry   scope: null,
23 silly mapToRegistry   name: 'cookie-parser',
23 silly mapToRegistry   rawSpec: '',
23 silly mapToRegistry   spec: 'latest',
23 silly mapToRegistry   type: 'tag' }
24 silly mapToRegistry uri https://registry.npmjs.org/cookie-parser
25 verbose addNameRange registry:https://registry.npmjs.org/cookie-parser not in flight; fetching
26 silly cache add args [ 'debug@~2.2.0', null ]
27 verbose cache add spec debug@~2.2.0
28 silly cache add parsed spec Result {
28 silly cache add   raw: 'debug@~2.2.0',
28 silly cache add   scope: null,
28 silly cache add   name: 'debug',
28 silly cache add   rawSpec: '~2.2.0',
28 silly cache add   spec: '>=2.2.0 <2.3.0',
28 silly cache add   type: 'range' }
29 silly addNamed debug@>=2.2.0 <2.3.0
30 verbose addNamed ">=2.2.0 <2.3.0" is a valid semver range for debug
31 silly addNameRange { name: 'debug', range: '>=2.2.0 <2.3.0', hasData: false }
32 silly mapToRegistry name debug
33 silly mapToRegistry using default registry
34 silly mapToRegistry registry https://registry.npmjs.org/
35 silly mapToRegistry data Result {
35 silly mapToRegistry   raw: 'debug',
35 silly mapToRegistry   scope: null,
35 silly mapToRegistry   name: 'debug',
35 silly mapToRegistry   rawSpec: '',
35 silly mapToRegistry   spec: 'latest',
35 silly mapToRegistry   type: 'tag' }
36 silly mapToRegistry uri https://registry.npmjs.org/debug
37 verbose addNameRange registry:https://registry.npmjs.org/debug not in flight; fetching
38 silly cache add args [ 'ejs@~2.3.3', null ]
39 verbose cache add spec ejs@~2.3.3
40 silly cache add parsed spec Result {
40 silly cache add   raw: 'ejs@~2.3.3',
40 silly cache add   scope: null,
40 silly cache add   name: 'ejs',
40 silly cache add   rawSpec: '~2.3.3',
40 silly cache add   spec: '>=2.3.3 <2.4.0',
40 silly cache add   type: 'range' }
41 silly addNamed ejs@>=2.3.3 <2.4.0
42 verbose addNamed ">=2.3.3 <2.4.0" is a valid semver range for ejs
43 silly addNameRange { name: 'ejs', range: '>=2.3.3 <2.4.0', hasData: false }
44 silly mapToRegistry name ejs
45 silly mapToRegistry using default registry
46 silly mapToRegistry registry https://registry.npmjs.org/
47 silly mapToRegistry data Result {
47 silly mapToRegistry   raw: 'ejs',
47 silly mapToRegistry   scope: null,
47 silly mapToRegistry   name: 'ejs',
47 silly mapToRegistry   rawSpec: '',
47 silly mapToRegistry   spec: 'latest',
47 silly mapToRegistry   type: 'tag' }
48 silly mapToRegistry uri https://registry.npmjs.org/ejs
49 verbose addNameRange registry:https://registry.npmjs.org/ejs not in flight; fetching
50 silly cache add args [ 'express@~4.13.1', null ]
51 verbose cache add spec express@~4.13.1
52 silly cache add parsed spec Result {
52 silly cache add   raw: 'express@~4.13.1',
52 silly cache add   scope: null,
52 silly cache add   name: 'express',
52 silly cache add   rawSpec: '~4.13.1',
52 silly cache add   spec: '>=4.13.1 <4.14.0',
52 silly cache add   type: 'range' }
53 silly addNamed express@>=4.13.1 <4.14.0
54 verbose addNamed ">=4.13.1 <4.14.0" is a valid semver range for express
55 silly addNameRange { name: 'express', range: '>=4.13.1 <4.14.0', hasData: false }
56 silly mapToRegistry name express
57 silly mapToRegistry using default registry
58 silly mapToRegistry registry https://registry.npmjs.org/
59 silly mapToRegistry data Result {
59 silly mapToRegistry   raw: 'express',
59 silly mapToRegistry   scope: null,
59 silly mapToRegistry   name: 'express',
59 silly mapToRegistry   rawSpec: '',
59 silly mapToRegistry   spec: 'latest',
59 silly mapToRegistry   type: 'tag' }
60 silly mapToRegistry uri https://registry.npmjs.org/express
61 verbose addNameRange registry:https://registry.npmjs.org/express not in flight; fetching
62 silly cache add args [ 'mongoose@^4.3.4', null ]
63 verbose cache add spec mongoose@^4.3.4
64 silly cache add parsed spec Result {
64 silly cache add   raw: 'mongoose@^4.3.4',
64 silly cache add   scope: null,
64 silly cache add   name: 'mongoose',
64 silly cache add   rawSpec: '^4.3.4',
64 silly cache add   spec: '>=4.3.4 <5.0.0',
64 silly cache add   type: 'range' }
65 silly addNamed mongoose@>=4.3.4 <5.0.0
66 verbose addNamed ">=4.3.4 <5.0.0" is a valid semver range for mongoose
67 silly addNameRange { name: 'mongoose', range: '>=4.3.4 <5.0.0', hasData: false }
68 silly mapToRegistry name mongoose
69 silly mapToRegistry using default registry
70 silly mapToRegistry registry https://registry.npmjs.org/
71 silly mapToRegistry data Result {
71 silly mapToRegistry   raw: 'mongoose',
71 silly mapToRegistry   scope: null,
71 silly mapToRegistry   name: 'mongoose',
71 silly mapToRegistry   rawSpec: '',
71 silly mapToRegistry   spec: 'latest',
71 silly mapToRegistry   type: 'tag' }
72 silly mapToRegistry uri https://registry.npmjs.org/mongoose
73 verbose addNameRange registry:https://registry.npmjs.org/mongoose not in flight; fetching
74 silly cache add args [ 'morgan@~1.6.1', null ]
75 verbose cache add spec morgan@~1.6.1
76 silly cache add parsed spec Result {
76 silly cache add   raw: 'morgan@~1.6.1',
76 silly cache add   scope: null,
76 silly cache add   name: 'morgan',
76 silly cache add   rawSpec: '~1.6.1',
76 silly cache add   spec: '>=1.6.1 <1.7.0',
76 silly cache add   type: 'range' }
77 silly addNamed morgan@>=1.6.1 <1.7.0
78 verbose addNamed ">=1.6.1 <1.7.0" is a valid semver range for morgan
79 silly addNameRange { name: 'morgan', range: '>=1.6.1 <1.7.0', hasData: false }
80 silly mapToRegistry name morgan
81 silly mapToRegistry using default registry
82 silly mapToRegistry registry https://registry.npmjs.org/
83 silly mapToRegistry data Result {
83 silly mapToRegistry   raw: 'morgan',
83 silly mapToRegistry   scope: null,
83 silly mapToRegistry   name: 'morgan',
83 silly mapToRegistry   rawSpec: '',
83 silly mapToRegistry   spec: 'latest',
83 silly mapToRegistry   type: 'tag' }
84 silly mapToRegistry uri https://registry.npmjs.org/morgan
85 verbose addNameRange registry:https://registry.npmjs.org/morgan not in flight; fetching
86 silly cache add args [ 'request@^2.65.0', null ]
87 verbose cache add spec request@^2.65.0
88 silly cache add parsed spec Result {
88 silly cache add   raw: 'request@^2.65.0',
88 silly cache add   scope: null,
88 silly cache add   name: 'request',
88 silly cache add   rawSpec: '^2.65.0',
88 silly cache add   spec: '>=2.65.0 <3.0.0',
88 silly cache add   type: 'range' }
89 silly addNamed request@>=2.65.0 <3.0.0
90 verbose addNamed ">=2.65.0 <3.0.0" is a valid semver range for request
91 silly addNameRange { name: 'request', range: '>=2.65.0 <3.0.0', hasData: false }
92 silly mapToRegistry name request
93 silly mapToRegistry using default registry
94 silly mapToRegistry registry https://registry.npmjs.org/
95 silly mapToRegistry data Result {
95 silly mapToRegistry   raw: 'request',
95 silly mapToRegistry   scope: null,
95 silly mapToRegistry   name: 'request',
95 silly mapToRegistry   rawSpec: '',
95 silly mapToRegistry   spec: 'latest',
95 silly mapToRegistry   type: 'tag' }
96 silly mapToRegistry uri https://registry.npmjs.org/request
97 verbose addNameRange registry:https://registry.npmjs.org/request not in flight; fetching
98 silly cache add args [ 'serve-favicon@~2.3.0', null ]
99 verbose cache add spec serve-favicon@~2.3.0
100 silly cache add parsed spec Result {
100 silly cache add   raw: 'serve-favicon@~2.3.0',
100 silly cache add   scope: null,
100 silly cache add   name: 'serve-favicon',
100 silly cache add   rawSpec: '~2.3.0',
100 silly cache add   spec: '>=2.3.0 <2.4.0',
100 silly cache add   type: 'range' }
101 silly addNamed serve-favicon@>=2.3.0 <2.4.0
102 verbose addNamed ">=2.3.0 <2.4.0" is a valid semver range for serve-favicon
103 silly addNameRange { name: 'serve-favicon',
103 silly addNameRange   range: '>=2.3.0 <2.4.0',
103 silly addNameRange   hasData: false }
104 silly mapToRegistry name serve-favicon
105 silly mapToRegistry using default registry
106 silly mapToRegistry registry https://registry.npmjs.org/
107 silly mapToRegistry data Result {
107 silly mapToRegistry   raw: 'serve-favicon',
107 silly mapToRegistry   scope: null,
107 silly mapToRegistry   name: 'serve-favicon',
107 silly mapToRegistry   rawSpec: '',
107 silly mapToRegistry   spec: 'latest',
107 silly mapToRegistry   type: 'tag' }
108 silly mapToRegistry uri https://registry.npmjs.org/serve-favicon
109 verbose addNameRange registry:https://registry.npmjs.org/serve-favicon not in flight; fetching
110 silly cache add args [ 'shortid@^2.2.4', null ]
111 verbose cache add spec shortid@^2.2.4
112 silly cache add parsed spec Result {
112 silly cache add   raw: 'shortid@^2.2.4',
112 silly cache add   scope: null,
112 silly cache add   name: 'shortid',
112 silly cache add   rawSpec: '^2.2.4',
112 silly cache add   spec: '>=2.2.4 <3.0.0',
112 silly cache add   type: 'range' }
113 silly addNamed shortid@>=2.2.4 <3.0.0
114 verbose addNamed ">=2.2.4 <3.0.0" is a valid semver range for shortid
115 silly addNameRange { name: 'shortid', range: '>=2.2.4 <3.0.0', hasData: false }
116 silly mapToRegistry name shortid
117 silly mapToRegistry using default registry
118 silly mapToRegistry registry https://registry.npmjs.org/
119 silly mapToRegistry data Result {
119 silly mapToRegistry   raw: 'shortid',
119 silly mapToRegistry   scope: null,
119 silly mapToRegistry   name: 'shortid',
119 silly mapToRegistry   rawSpec: '',
119 silly mapToRegistry   spec: 'latest',
119 silly mapToRegistry   type: 'tag' }
120 silly mapToRegistry uri https://registry.npmjs.org/shortid
121 verbose addNameRange registry:https://registry.npmjs.org/shortid not in flight; fetching
122 silly cache add args [ 'textmagic-rest-client@0.0.5', null ]
123 verbose cache add spec textmagic-rest-client@0.0.5
124 silly cache add parsed spec Result {
124 silly cache add   raw: 'textmagic-rest-client@0.0.5',
124 silly cache add   scope: null,
124 silly cache add   name: 'textmagic-rest-client',
124 silly cache add   rawSpec: '0.0.5',
124 silly cache add   spec: '0.0.5',
124 silly cache add   type: 'version' }
125 silly addNamed textmagic-rest-client@0.0.5
126 verbose addNamed "0.0.5" is a plain semver version for textmagic-rest-client
127 silly mapToRegistry name textmagic-rest-client
128 silly mapToRegistry using default registry
129 silly mapToRegistry registry https://registry.npmjs.org/
130 silly mapToRegistry data Result {
130 silly mapToRegistry   raw: 'textmagic-rest-client',
130 silly mapToRegistry   scope: null,
130 silly mapToRegistry   name: 'textmagic-rest-client',
130 silly mapToRegistry   rawSpec: '',
130 silly mapToRegistry   spec: 'latest',
130 silly mapToRegistry   type: 'tag' }
131 silly mapToRegistry uri https://registry.npmjs.org/textmagic-rest-client
132 verbose addNameVersion registry:https://registry.npmjs.org/textmagic-rest-client not in flight; fetching
133 silly cache add args [ 'xml-writer@^1.6.0', null ]
134 verbose cache add spec xml-writer@^1.6.0
135 silly cache add parsed spec Result {
135 silly cache add   raw: 'xml-writer@^1.6.0',
135 silly cache add   scope: null,
135 silly cache add   name: 'xml-writer',
135 silly cache add   rawSpec: '^1.6.0',
135 silly cache add   spec: '>=1.6.0 <2.0.0',
135 silly cache add   type: 'range' }
136 silly addNamed xml-writer@>=1.6.0 <2.0.0
137 verbose addNamed ">=1.6.0 <2.0.0" is a valid semver range for xml-writer
138 silly addNameRange { name: 'xml-writer', range: '>=1.6.0 <2.0.0', hasData: false }
139 silly mapToRegistry name xml-writer
140 silly mapToRegistry using default registry
141 silly mapToRegistry registry https://registry.npmjs.org/
142 silly mapToRegistry data Result {
142 silly mapToRegistry   raw: 'xml-writer',
142 silly mapToRegistry   scope: null,
142 silly mapToRegistry   name: 'xml-writer',
142 silly mapToRegistry   rawSpec: '',
142 silly mapToRegistry   spec: 'latest',
142 silly mapToRegistry   type: 'tag' }
143 silly mapToRegistry uri https://registry.npmjs.org/xml-writer
144 verbose addNameRange registry:https://registry.npmjs.org/xml-writer not in flight; fetching
145 silly cache add args [ 'stats-lite@2.0.3', null ]
146 verbose cache add spec stats-lite@2.0.3
147 silly cache add parsed spec Result {
147 silly cache add   raw: 'stats-lite@2.0.3',
147 silly cache add   scope: null,
147 silly cache add   name: 'stats-lite',
147 silly cache add   rawSpec: '2.0.3',
147 silly cache add   spec: '2.0.3',
147 silly cache add   type: 'version' }
148 silly addNamed stats-lite@2.0.3
149 verbose addNamed "2.0.3" is a plain semver version for stats-lite
150 silly mapToRegistry name stats-lite
151 silly mapToRegistry using default registry
152 silly mapToRegistry registry https://registry.npmjs.org/
153 silly mapToRegistry data Result {
153 silly mapToRegistry   raw: 'stats-lite',
153 silly mapToRegistry   scope: null,
153 silly mapToRegistry   name: 'stats-lite',
153 silly mapToRegistry   rawSpec: '',
153 silly mapToRegistry   spec: 'latest',
153 silly mapToRegistry   type: 'tag' }
154 silly mapToRegistry uri https://registry.npmjs.org/stats-lite
155 verbose addNameVersion registry:https://registry.npmjs.org/stats-lite not in flight; fetching
156 silly cache add args [ 'async@^1.4.2', null ]
157 verbose cache add spec async@^1.4.2
158 silly cache add parsed spec Result {
158 silly cache add   raw: 'async@^1.4.2',
158 silly cache add   scope: null,
158 silly cache add   name: 'async',
158 silly cache add   rawSpec: '^1.4.2',
158 silly cache add   spec: '>=1.4.2 <2.0.0',
158 silly cache add   type: 'range' }
159 silly addNamed async@>=1.4.2 <2.0.0
160 verbose addNamed ">=1.4.2 <2.0.0" is a valid semver range for async
161 silly addNameRange { name: 'async', range: '>=1.4.2 <2.0.0', hasData: false }
162 silly mapToRegistry name async
163 silly mapToRegistry using default registry
164 silly mapToRegistry registry https://registry.npmjs.org/
165 silly mapToRegistry data Result {
165 silly mapToRegistry   raw: 'async',
165 silly mapToRegistry   scope: null,
165 silly mapToRegistry   name: 'async',
165 silly mapToRegistry   rawSpec: '',
165 silly mapToRegistry   spec: 'latest',
165 silly mapToRegistry   type: 'tag' }
166 silly mapToRegistry uri https://registry.npmjs.org/async
167 verbose addNameRange registry:https://registry.npmjs.org/async not in flight; fetching
168 silly cache add args [ 'body-parser@~1.13.2', null ]
169 verbose cache add spec body-parser@~1.13.2
170 silly cache add parsed spec Result {
170 silly cache add   raw: 'body-parser@~1.13.2',
170 silly cache add   scope: null,
170 silly cache add   name: 'body-parser',
170 silly cache add   rawSpec: '~1.13.2',
170 silly cache add   spec: '>=1.13.2 <1.14.0',
170 silly cache add   type: 'range' }
171 silly addNamed body-parser@>=1.13.2 <1.14.0
172 verbose addNamed ">=1.13.2 <1.14.0" is a valid semver range for body-parser
173 silly addNameRange { name: 'body-parser',
173 silly addNameRange   range: '>=1.13.2 <1.14.0',
173 silly addNameRange   hasData: false }
174 silly mapToRegistry name body-parser
175 silly mapToRegistry using default registry
176 silly mapToRegistry registry https://registry.npmjs.org/
177 silly mapToRegistry data Result {
177 silly mapToRegistry   raw: 'body-parser',
177 silly mapToRegistry   scope: null,
177 silly mapToRegistry   name: 'body-parser',
177 silly mapToRegistry   rawSpec: '',
177 silly mapToRegistry   spec: 'latest',
177 silly mapToRegistry   type: 'tag' }
178 silly mapToRegistry uri https://registry.npmjs.org/body-parser
179 verbose addNameRange registry:https://registry.npmjs.org/body-parser not in flight; fetching
180 verbose request uri https://registry.npmjs.org/cookie-parser
181 verbose request no auth needed
182 info attempt registry request try #1 at 19:06:51
183 verbose request id 5748a2d6c57e5317
184 http request GET https://registry.npmjs.org/cookie-parser
185 verbose request uri https://registry.npmjs.org/ejs
186 verbose request no auth needed
187 info attempt registry request try #1 at 19:06:51
188 http request GET https://registry.npmjs.org/ejs
189 verbose request uri https://registry.npmjs.org/express
190 verbose request no auth needed
191 info attempt registry request try #1 at 19:06:51
192 http request GET https://registry.npmjs.org/express
193 verbose request uri https://registry.npmjs.org/mongoose
194 verbose request no auth needed
195 info attempt registry request try #1 at 19:06:51
196 http request GET https://registry.npmjs.org/mongoose
197 verbose request uri https://registry.npmjs.org/morgan
198 verbose request no auth needed
199 info attempt registry request try #1 at 19:06:51
200 http request GET https://registry.npmjs.org/morgan
201 verbose request uri https://registry.npmjs.org/request
202 verbose request no auth needed
203 info attempt registry request try #1 at 19:06:51
204 http request GET https://registry.npmjs.org/request
205 verbose request uri https://registry.npmjs.org/serve-favicon
206 verbose request no auth needed
207 info attempt registry request try #1 at 19:06:51
208 http request GET https://registry.npmjs.org/serve-favicon
209 verbose request uri https://registry.npmjs.org/shortid
210 verbose request no auth needed
211 info attempt registry request try #1 at 19:06:51
212 http request GET https://registry.npmjs.org/shortid
213 verbose request uri https://registry.npmjs.org/textmagic-rest-client
214 verbose request no auth needed
215 info attempt registry request try #1 at 19:06:51
216 http request GET https://registry.npmjs.org/textmagic-rest-client
217 verbose request uri https://registry.npmjs.org/xml-writer
218 verbose request no auth needed
219 info attempt registry request try #1 at 19:06:51
220 http request GET https://registry.npmjs.org/xml-writer
221 verbose request uri https://registry.npmjs.org/stats-lite
222 verbose request no auth needed
223 info attempt registry request try #1 at 19:06:51
224 http request GET https://registry.npmjs.org/stats-lite
225 verbose request uri https://registry.npmjs.org/body-parser
226 verbose request no auth needed
227 info attempt registry request try #1 at 19:06:51
228 http request GET https://registry.npmjs.org/body-parser
229 verbose request uri https://registry.npmjs.org/debug
230 verbose request no auth needed
231 info attempt registry request try #1 at 19:06:51
232 verbose etag "EUHV95SXXI9FCUR34OFU4VM8G"
233 http request GET https://registry.npmjs.org/debug
234 verbose request uri https://registry.npmjs.org/async
235 verbose request no auth needed
236 info attempt registry request try #1 at 19:06:51
237 verbose etag "8N7IQV9A0L0MG044W3FBVL8DM"
238 http request GET https://registry.npmjs.org/async
239 info retry will retry, error on last attempt: Error: unable to verify the first certificate
240 info retry will retry, error on last attempt: Error: unable to verify the first certificate
241 info retry will retry, error on last attempt: Error: unable to verify the first certificate
242 info retry will retry, error on last attempt: Error: unable to verify the first certificate
243 info retry will retry, error on last attempt: Error: unable to verify the first certificate
244 info retry will retry, error on last attempt: Error: unable to verify the first certificate
245 info retry will retry, error on last attempt: Error: unable to verify the first certificate
246 info retry will retry, error on last attempt: Error: unable to verify the first certificate
247 info retry will retry, error on last attempt: Error: unable to verify the first certificate
248 info retry will retry, error on last attempt: Error: unable to verify the first certificate
249 info retry will retry, error on last attempt: Error: unable to verify the first certificate
250 info retry will retry, error on last attempt: Error: unable to verify the first certificate
251 info retry will retry, error on last attempt: Error: unable to verify the first certificate
252 info retry will retry, error on last attempt: Error: unable to verify the first certificate
253 info attempt registry request try #2 at 19:07:02
254 http request GET https://registry.npmjs.org/request
255 info attempt registry request try #2 at 19:07:02
256 verbose etag "8N7IQV9A0L0MG044W3FBVL8DM"
257 http request GET https://registry.npmjs.org/async
258 info attempt registry request try #2 at 19:07:03
259 http request GET https://registry.npmjs.org/stats-lite
260 info attempt registry request try #2 at 19:07:03
261 verbose etag "EUHV95SXXI9FCUR34OFU4VM8G"
262 http request GET https://registry.npmjs.org/debug
263 info attempt registry request try #2 at 19:07:03
264 http request GET https://registry.npmjs.org/mongoose
265 info retry will retry, error on last attempt: Error: unable to verify the first certificate
266 info retry will retry, error on last attempt: Error: unable to verify the first certificate
267 info retry will retry, error on last attempt: Error: unable to verify the first certificate
268 info retry will retry, error on last attempt: Error: unable to verify the first certificate
269 info retry will retry, error on last attempt: Error: unable to verify the first certificate
270 info attempt registry request try #2 at 19:07:03
271 http request GET https://registry.npmjs.org/xml-writer
272 info attempt registry request try #2 at 19:07:03
273 http request GET https://registry.npmjs.org/express
274 info attempt registry request try #2 at 19:07:03
275 http request GET https://registry.npmjs.org/ejs
276 info attempt registry request try #2 at 19:07:03
277 http request GET https://registry.npmjs.org/morgan
278 info attempt registry request try #2 at 19:07:03
279 http request GET https://registry.npmjs.org/body-parser
280 info attempt registry request try #2 at 19:07:03
281 http request GET https://registry.npmjs.org/serve-favicon
282 info retry will retry, error on last attempt: Error: unable to verify the first certificate
283 info retry will retry, error on last attempt: Error: unable to verify the first certificate
284 info retry will retry, error on last attempt: Error: unable to verify the first certificate
285 info retry will retry, error on last attempt: Error: unable to verify the first certificate
286 info attempt registry request try #2 at 19:07:04
287 http request GET https://registry.npmjs.org/cookie-parser
288 info attempt registry request try #2 at 19:07:04
289 http request GET https://registry.npmjs.org/textmagic-rest-client
290 info retry will retry, error on last attempt: Error: unable to verify the first certificate
291 info attempt registry request try #2 at 19:07:04
292 http request GET https://registry.npmjs.org/shortid
293 info retry will retry, error on last attempt: Error: unable to verify the first certificate
294 info retry will retry, error on last attempt: Error: unable to verify the first certificate
295 info retry will retry, error on last attempt: Error: unable to verify the first certificate
296 info retry will retry, error on last attempt: Error: unable to verify the first certificate
297 info attempt registry request try #3 at 19:08:03
298 verbose etag "8N7IQV9A0L0MG044W3FBVL8DM"
299 http request GET https://registry.npmjs.org/async
300 info attempt registry request try #3 at 19:08:03
301 http request GET https://registry.npmjs.org/request
302 info attempt registry request try #3 at 19:08:03
303 verbose etag "EUHV95SXXI9FCUR34OFU4VM8G"
304 http request GET https://registry.npmjs.org/debug
305 info attempt registry request try #3 at 19:08:03
306 http request GET https://registry.npmjs.org/stats-lite
307 info attempt registry request try #3 at 19:08:03
308 http request GET https://registry.npmjs.org/mongoose
309 silly get cb [ 304, undefined ]
310 verbose etag https://registry.npmjs.org/async from cache
311 verbose get saving async to C:\Users\oshrat\AppData\Roaming\npm-cache\registry.npmjs.org\async\.cache.json
312 verbose correctMkdir C:\Users\oshrat\AppData\Roaming\npm-cache correctMkdir not in flight; initializing
313 silly get cb [ 304, undefined ]
314 verbose etag https://registry.npmjs.org/debug from cache
315 verbose get saving debug to C:\Users\oshrat\AppData\Roaming\npm-cache\registry.npmjs.org\debug\.cache.json
316 verbose correctMkdir C:\Users\oshrat\AppData\Roaming\npm-cache correctMkdir already in flight; waiting
317 silly addNameRange number 2 { name: 'debug', range: '>=2.2.0 <2.3.0', hasData: true }
318 silly addNameRange versions [ 'debug',
318 silly addNameRange   [ '0.0.1',
318 silly addNameRange     '0.1.0',
318 silly addNameRange     '0.2.0',
318 silly addNameRange     '0.3.0',
318 silly addNameRange     '0.4.0',
318 silly addNameRange     '0.4.1',
318 silly addNameRange     '0.5.0',
318 silly addNameRange     '0.6.0',
318 silly addNameRange     '0.7.0',
318 silly addNameRange     '0.7.1',
318 silly addNameRange     '0.7.2',
318 silly addNameRange     '0.7.3',
318 silly addNameRange     '0.7.4',
318 silly addNameRange     '0.8.0',
318 silly addNameRange     '0.8.1',
318 silly addNameRange     '1.0.0',
318 silly addNameRange     '1.0.1',
318 silly addNameRange     '1.0.2',
318 silly addNameRange     '1.0.3',
318 silly addNameRange     '1.0.4',
318 silly addNameRange     '2.0.0',
318 silly addNameRange     '2.1.0',
318 silly addNameRange     '2.1.1',
318 silly addNameRange     '2.1.2',
318 silly addNameRange     '2.1.3',
318 silly addNameRange     '2.2.0' ] ]
319 silly addNamed debug@2.2.0
320 verbose addNamed "2.2.0" is a plain semver version for debug
321 silly addNameRange number 2 { name: 'async', range: '>=1.4.2 <2.0.0', hasData: true }
322 silly addNameRange versions [ 'async',
322 silly addNameRange   [ '0.1.0',
322 silly addNameRange     '0.1.1',
322 silly addNameRange     '0.1.2',
322 silly addNameRange     '0.1.3',
322 silly addNameRange     '0.1.4',
322 silly addNameRange     '0.1.5',
322 silly addNameRange     '0.1.6',
322 silly addNameRange     '0.1.7',
322 silly addNameRange     '0.1.8',
322 silly addNameRange     '0.1.9',
322 silly addNameRange     '0.1.10',
322 silly addNameRange     '0.1.11',
322 silly addNameRange     '0.1.12',
322 silly addNameRange     '0.1.13',
322 silly addNameRange     '0.1.14',
322 silly addNameRange     '0.1.15',
322 silly addNameRange     '0.1.16',
322 silly addNameRange     '0.1.17',
322 silly addNameRange     '0.1.18',
322 silly addNameRange     '0.1.19',
322 silly addNameRange     '0.1.20',
322 silly addNameRange     '0.1.21',
322 silly addNameRange     '0.1.22',
322 silly addNameRange     '0.2.0',
322 silly addNameRange     '0.2.1',
322 silly addNameRange     '0.2.2',
322 silly addNameRange     '0.2.3',
322 silly addNameRange     '0.2.4',
322 silly addNameRange     '0.2.5',
322 silly addNameRange     '0.2.6',
322 silly addNameRange     '0.2.7',
322 silly addNameRange     '0.2.8',
322 silly addNameRange     '0.2.9',
322 silly addNameRange     '0.2.10',
322 silly addNameRange     '0.3.0',
322 silly addNameRange     '0.4.0',
322 silly addNameRange     '0.4.1',
322 silly addNameRange     '0.5.0',
322 silly addNameRange     '0.6.0',
322 silly addNameRange     '0.6.1',
322 silly addNameRange     '0.6.2',
322 silly addNameRange     '0.7.0',
322 silly addNameRange     '0.8.0',
322 silly addNameRange     '0.9.0',
322 silly addNameRange     '0.9.2',
322 silly addNameRange     '1.0.0',
322 silly addNameRange     '1.1.0',
322 silly addNameRange     '1.2.0',
322 silly addNameRange     '1.1.1',
322 silly addNameRange     '1.2.1',
322 silly addNameRange     '1.3.0',
322 silly addNameRange     '1.4.0',
322 silly addNameRange     '1.4.1',
322 silly addNameRange     '1.4.2',
322 silly addNameRange     '1.5.0',
322 silly addNameRange     '1.5.1',
322 silly addNameRange     '1.5.2',
322 silly addNameRange     '2.0.0-alpha.0',
322 silly addNameRange     '2.0.0-rc.1',
322 silly addNameRange     '2.0.0-rc.2',
322 silly addNameRange     '2.0.0-rc.3',
322 silly addNameRange     '2.0.0-rc.4',
322 silly addNameRange     '2.0.0-rc.5',
322 silly addNameRange     '2.0.0-rc.6',
322 silly addNameRange     '2.0.0',
322 silly addNameRange     '2.0.1' ] ]
323 silly addNamed async@1.5.2
324 verbose addNamed "1.5.2" is a plain semver version for async
325 silly mapToRegistry name debug
326 silly mapToRegistry using default registry
327 silly mapToRegistry registry https://registry.npmjs.org/
328 silly mapToRegistry data Result {
328 silly mapToRegistry   raw: 'debug',
328 silly mapToRegistry   scope: null,
328 silly mapToRegistry   name: 'debug',
328 silly mapToRegistry   rawSpec: '',
328 silly mapToRegistry   spec: 'latest',
328 silly mapToRegistry   type: 'tag' }
329 silly mapToRegistry uri https://registry.npmjs.org/debug
330 verbose addRemoteTarball https://registry.npmjs.org/debug/-/debug-2.2.0.tgz not in flight; adding
331 verbose addRemoteTarball [ 'https://registry.npmjs.org/debug/-/debug-2.2.0.tgz',
331 verbose addRemoteTarball   'f87057e995b1a1f6ae6a4960664137bc56f039da' ]
332 info retry fetch attempt 1 at 19:08:04
333 info attempt registry request try #1 at 19:08:04
334 http fetch GET https://registry.npmjs.org/debug/-/debug-2.2.0.tgz
335 info attempt registry request try #3 at 19:08:04
336 http request GET https://registry.npmjs.org/morgan
337 info attempt registry request try #3 at 19:08:04
338 http request GET https://registry.npmjs.org/xml-writer
339 silly cache afterAdd async@1.5.2
340 verbose afterAdd C:\Users\oshrat\AppData\Roaming\npm-cache\async\1.5.2\package\package.json not in flight; writing
341 verbose correctMkdir C:\Users\oshrat\AppData\Roaming\npm-cache correctMkdir not in flight; initializing
342 verbose afterAdd C:\Users\oshrat\AppData\Roaming\npm-cache\async\1.5.2\package\package.json written
343 info attempt registry request try #3 at 19:08:04
344 http request GET https://registry.npmjs.org/ejs
345 info attempt registry request try #3 at 19:08:04
346 http request GET https://registry.npmjs.org/express
347 info attempt registry request try #3 at 19:08:04
348 http request GET https://registry.npmjs.org/body-parser
349 info attempt registry request try #3 at 19:08:04
350 http request GET https://registry.npmjs.org/serve-favicon
351 info retry will retry, error on last attempt: Error: unable to verify the first certificate
352 info attempt registry request try #3 at 19:08:04
353 http request GET https://registry.npmjs.org/cookie-parser
354 info attempt registry request try #3 at 19:08:04
355 http request GET https://registry.npmjs.org/textmagic-rest-client
356 info attempt registry request try #3 at 19:08:04
357 http request GET https://registry.npmjs.org/shortid
358 info attempt registry request try #2 at 19:08:14
359 http fetch GET https://registry.npmjs.org/debug/-/debug-2.2.0.tgz
360 info retry will retry, error on last attempt: Error: unable to verify the first certificate
361 info attempt registry request try #3 at 19:09:15
362 http fetch GET https://registry.npmjs.org/debug/-/debug-2.2.0.tgz
363 error fetch failed https://registry.npmjs.org/debug/-/debug-2.2.0.tgz
364 warn retry will retry, error on last attempt: Error: unable to verify the first certificate
365 info retry fetch attempt 2 at 19:09:26
366 info attempt registry request try #1 at 19:09:26
367 http fetch GET https://registry.npmjs.org/debug/-/debug-2.2.0.tgz
368 info retry will retry, error on last attempt: Error: unable to verify the first certificate
369 info attempt registry request try #2 at 19:09:36
370 http fetch GET https://registry.npmjs.org/debug/-/debug-2.2.0.tgz
371 info retry will retry, error on last attempt: Error: unable to verify the first certificate
372 info attempt registry request try #3 at 19:10:37
373 http fetch GET https://registry.npmjs.org/debug/-/debug-2.2.0.tgz
374 error fetch failed https://registry.npmjs.org/debug/-/debug-2.2.0.tgz
375 warn retry will retry, error on last attempt: Error: unable to verify the first certificate
376 info retry fetch attempt 3 at 19:11:38
377 info attempt registry request try #1 at 19:11:38
378 http fetch GET https://registry.npmjs.org/debug/-/debug-2.2.0.tgz
379 info retry will retry, error on last attempt: Error: unable to verify the first certificate
380 info attempt registry request try #2 at 19:11:49
381 http fetch GET https://registry.npmjs.org/debug/-/debug-2.2.0.tgz
382 info retry will retry, error on last attempt: Error: unable to verify the first certificate
383 info attempt registry request try #3 at 19:12:49
384 http fetch GET https://registry.npmjs.org/debug/-/debug-2.2.0.tgz
385 error fetch failed https://registry.npmjs.org/debug/-/debug-2.2.0.tgz
386 verbose stack Error: unable to verify the first certificate
386 verbose stack     at Error (native)
386 verbose stack     at TLSSocket.<anonymous> (_tls_wrap.js:1017:38)
386 verbose stack     at emitNone (events.js:67:13)
386 verbose stack     at TLSSocket.emit (events.js:166:7)
386 verbose stack     at TLSSocket._init.ssl.onclienthello.ssl.oncertcb.TLSSocket._finishInit (_tls_wrap.js:582:8)
386 verbose stack     at TLSWrap.ssl.onclienthello.ssl.oncertcb.ssl.onnewsession.ssl.onhandshakedone (_tls_wrap.js:424:38)
387 verbose cwd D:\I_Vote_Project\i-vote-api-server
388 error Windows_NT 6.1.7601
389 error argv "C:\\Program Files\\nodejs\\node.exe" "C:\\Program Files\\nodejs\\node_modules\\npm\\bin\\npm-cli.js" "install"
390 error node v4.4.7
391 error npm  v2.15.8
392 error code UNABLE_TO_VERIFY_LEAF_SIGNATURE
393 error unable to verify the first certificate
394 error If you need help, you may report this error at:
394 error     <https://github.com/npm/npm/issues>
395 verbose exit [ 1, true ]
